1503499791430	geckodriver	INFO	geckodriver 0.18.0
1503499791436	geckodriver	INFO	Listening on 127.0.0.1:37155
1503499792540	geckodriver::marionette	INFO	Starting browser /usr/bin/firefox with args ["-marionette"]
1503499794171	Marionette	INFO	Listening on port 46327
1503499794264	Marionette	WARN	TLS certificate errors will be ignored for this session
1503499815880	geckodriver	INFO	geckodriver 0.18.0
1503499815887	geckodriver	INFO	Listening on 127.0.0.1:39807
1503499816987	geckodriver::marionette	INFO	Starting browser /usr/bin/firefox with args ["-marionette"]
1503499818602	Marionette	INFO	Listening on port 36497
1503499818703	Marionette	WARN	TLS certificate errors will be ignored for this session
1503499847046	Marionette	INFO	Ceased listening
1503499849918	Marionette	INFO	Ceased listening
JavaScript error: resource://gre/modules/osfile/osfile_async_front.jsm, line 396: Error: OS.File has been shut down. Rejecting post to stat
1503499976692	geckodriver	INFO	geckodriver 0.18.0
1503499976696	geckodriver	INFO	Listening on 127.0.0.1:44839
1503499977806	geckodriver::marionette	INFO	Starting browser /usr/bin/firefox with args ["-marionette"]
1503499979479	Marionette	INFO	Listening on port 35565
1503499979536	Marionette	WARN	TLS certificate errors will be ignored for this session
1503500029129	geckodriver	INFO	geckodriver 0.18.0
1503500029131	geckodriver	INFO	Listening on 127.0.0.1:42487
1503500030246	geckodriver::marionette	INFO	Starting browser /usr/bin/firefox with args ["-marionette"]
1503500031843	Marionette	INFO	Listening on port 41269
1503500031889	Marionette	WARN	TLS certificate errors will be ignored for this session
1503500043749	Marionette	INFO	Ceased listening
*************************
A coding exception was thrown and uncaught in a Task.

Full message: TypeError: NetworkError when attempting to fetch resource.
Full stack: 
*************************
1503500647922	Marionette	INFO	Ceased listening
